<?xml version="1.0" encoding="UTF-8"?>
<!-- Generated by org.testng.reporters.JUnitReportReporter -->
<testsuite hostname="DESKTOP-50S9T1E" failures="0" tests="3" name="api.test.StoreTests" time="8.018" errors="0" timestamp="2024-03-06T09:18:58 IST" skipped="0">
  <testcase classname="api.test.StoreTests" name="testPlaceOrder" time="5.418"/>
  <testcase classname="api.test.StoreTests" name="testGetOrder" time="1.343"/>
  <testcase classname="api.test.StoreTests" name="testDeleteOrder" time="1.257"/>
</testsuite> <!-- api.test.StoreTests -->
