<?xml version="1.0" encoding="UTF-8"?>
<!-- Generated by org.testng.reporters.JUnitReportReporter -->
<testsuite hostname="DESKTOP-50S9T1E" failures="0" tests="6" name="api.test.DDTests" time="44.887" errors="0" timestamp="2024-03-04T14:29:43 IST" skipped="0">
  <testcase classname="api.test.DDTests" name="testPostuser" time="37.836"/>
  <testcase classname="api.test.DDTests" name="testPostuser" time="1.357"/>
  <testcase classname="api.test.DDTests" name="testPostuser" time="1.411"/>
  <testcase classname="api.test.DDTests" name="testdeleteUserByName" time="1.545"/>
  <testcase classname="api.test.DDTests" name="testdeleteUserByName" time="1.346"/>
  <testcase classname="api.test.DDTests" name="testdeleteUserByName" time="1.392"/>
</testsuite> <!-- api.test.DDTests -->
