<?xml version="1.0" encoding="UTF-8"?>
<!-- Generated by org.testng.reporters.JUnitReportReporter -->
<testsuite hostname="DESKTOP-50S9T1E" failures="0" tests="4" name="api.test.UserTests" time="11.538" errors="0" timestamp="2024-03-06T09:14:07 IST" skipped="0">
  <testcase classname="api.test.UserTests" name="testPostUser" time="5.953"/>
  <testcase classname="api.test.UserTests" name="testGetUserByName" time="1.514"/>
  <testcase classname="api.test.UserTests" name="testUpdateUserByName" time="2.721"/>
  <testcase classname="api.test.UserTests" name="testdeleteUserByName" time="1.350"/>
</testsuite> <!-- api.test.UserTests -->
