<?xml version="1.0" encoding="UTF-8"?>
<!-- Generated by org.testng.reporters.JUnitReportReporter -->
<testsuite hostname="DESKTOP-50S9T1E" failures="0" tests="4" name="api.test.UserTests" time="12.841" errors="0" timestamp="2024-03-05T15:31:20 IST" skipped="0">
  <testcase classname="api.test.UserTests" name="testPostUser" time="7.407"/>
  <testcase classname="api.test.UserTests" name="testGetUserByName" time="1.377"/>
  <testcase classname="api.test.UserTests" name="testUpdateUserByName" time="2.730"/>
  <testcase classname="api.test.UserTests" name="testdeleteUserByName" time="1.327"/>
</testsuite> <!-- api.test.UserTests -->
