<?xml version="1.0" encoding="UTF-8"?>
<!-- Generated by org.testng.reporters.JUnitReportReporter -->
<testsuite hostname="DESKTOP-50S9T1E" failures="0" tests="6" name="api.test.DDTests" time="11.682" errors="0" timestamp="2024-03-05T06:40:33 IST" skipped="0">
  <testcase classname="api.test.DDTests" name="testPostuser" time="1.326"/>
  <testcase classname="api.test.DDTests" name="testPostuser" time="1.293"/>
  <testcase classname="api.test.DDTests" name="testPostuser" time="5.200"/>
  <testcase classname="api.test.DDTests" name="testdeleteUserByName" time="1.277"/>
  <testcase classname="api.test.DDTests" name="testdeleteUserByName" time="1.252"/>
  <testcase classname="api.test.DDTests" name="testdeleteUserByName" time="1.334"/>
</testsuite> <!-- api.test.DDTests -->
