<?xml version="1.0" encoding="UTF-8"?>
<!-- Generated by org.testng.reporters.JUnitReportReporter -->
<testsuite hostname="DESKTOP-50S9T1E" failures="0" tests="4" name="api.test.UserTests" time="12.134" errors="0" timestamp="2024-03-05T07:07:32 IST" skipped="0">
  <testcase classname="api.test.UserTests" name="testPostUser" time="6.362"/>
  <testcase classname="api.test.UserTests" name="testGetUserByName" time="1.468"/>
  <testcase classname="api.test.UserTests" name="testUpdateUserByName" time="2.969"/>
  <testcase classname="api.test.UserTests" name="testdeleteUserByName" time="1.335"/>
</testsuite> <!-- api.test.UserTests -->
